2015-05-08T11:08:49+00:00 ERR (3): 
exception 'Mage_Core_Exception' with message 'Invalid block type: Mage_Yanws_Block_Adminhtml_News' in /var/www/magneta/app/Mage.php:595
Stack trace:
#0 /var/www/magneta/app/code/core/Mage/Core/Model/Layout.php(495): Mage::throwException('Invalid block t...')
#1 /var/www/magneta/app/code/core/Mage/Core/Model/Layout.php(437): Mage_Core_Model_Layout->_getBlockInstance('yanws/adminhtml...', Array)
#2 /var/www/magneta/app/code/local/Emagedev/Yanws/controllers/Adminhtml/YanwsController.php(15): Mage_Core_Model_Layout->createBlock('yanws/adminhtml...')
#3 /var/www/magneta/app/code/core/Mage/Core/Controller/Varien/Action.php(418): Emagedev_Yanws_Adminhtml_YanwsController->indexAction()
#4 /var/www/magneta/app/code/core/Mage/Core/Controller/Varien/Router/Standard.php(250): Mage_Core_Controller_Varien_Action->dispatch('index')
#5 /var/www/magneta/app/code/core/Mage/Core/Controller/Varien/Front.php(172): Mage_Core_Controller_Varien_Router_Standard->match(Object(Mage_Core_Controller_Request_Http))
#6 /var/www/magneta/app/code/core/Mage/Core/Model/App.php(354): Mage_Core_Controller_Varien_Front->dispatch()
#7 /var/www/magneta/app/Mage.php(684): Mage_Core_Model_App->run(Array)
#8 /var/www/magneta/index.php(87): Mage::run('default', 'store')
#9 {main}
2015-05-08T11:09:14+00:00 ERR (3): 
exception 'Mage_Core_Exception' with message 'Invalid block type: Mage_Yanws_Block_Adminhtml_News' in /var/www/magneta/app/Mage.php:595
Stack trace:
#0 /var/www/magneta/app/code/core/Mage/Core/Model/Layout.php(495): Mage::throwException('Invalid block t...')
#1 /var/www/magneta/app/code/core/Mage/Core/Model/Layout.php(437): Mage_Core_Model_Layout->_getBlockInstance('yanws/adminhtml...', Array)
#2 /var/www/magneta/app/code/local/Emagedev/Yanws/controllers/Adminhtml/YanwsController.php(15): Mage_Core_Model_Layout->createBlock('yanws/adminhtml...')
#3 /var/www/magneta/app/code/core/Mage/Core/Controller/Varien/Action.php(418): Emagedev_Yanws_Adminhtml_YanwsController->indexAction()
#4 /var/www/magneta/app/code/core/Mage/Core/Controller/Varien/Router/Standard.php(250): Mage_Core_Controller_Varien_Action->dispatch('index')
#5 /var/www/magneta/app/code/core/Mage/Core/Controller/Varien/Front.php(172): Mage_Core_Controller_Varien_Router_Standard->match(Object(Mage_Core_Controller_Request_Http))
#6 /var/www/magneta/app/code/core/Mage/Core/Model/App.php(354): Mage_Core_Controller_Varien_Front->dispatch()
#7 /var/www/magneta/app/Mage.php(684): Mage_Core_Model_App->run(Array)
#8 /var/www/magneta/index.php(87): Mage::run('default', 'store')
#9 {main}
2015-05-08T11:11:05+00:00 ERR (3): 
exception 'Mage_Core_Exception' with message 'Invalid block type: Mage_Yanws_Block_Adminhtml_News' in /var/www/magneta/app/Mage.php:595
Stack trace:
#0 /var/www/magneta/app/code/core/Mage/Core/Model/Layout.php(495): Mage::throwException('Invalid block t...')
#1 /var/www/magneta/app/code/core/Mage/Core/Model/Layout.php(437): Mage_Core_Model_Layout->_getBlockInstance('yanws/adminhtml...', Array)
#2 /var/www/magneta/app/code/local/Emagedev/Yanws/controllers/Adminhtml/YanwsController.php(15): Mage_Core_Model_Layout->createBlock('yanws/adminhtml...')
#3 /var/www/magneta/app/code/core/Mage/Core/Controller/Varien/Action.php(418): Emagedev_Yanws_Adminhtml_YanwsController->indexAction()
#4 /var/www/magneta/app/code/core/Mage/Core/Controller/Varien/Router/Standard.php(250): Mage_Core_Controller_Varien_Action->dispatch('index')
#5 /var/www/magneta/app/code/core/Mage/Core/Controller/Varien/Front.php(172): Mage_Core_Controller_Varien_Router_Standard->match(Object(Mage_Core_Controller_Request_Http))
#6 /var/www/magneta/app/code/core/Mage/Core/Model/App.php(354): Mage_Core_Controller_Varien_Front->dispatch()
#7 /var/www/magneta/app/Mage.php(684): Mage_Core_Model_App->run(Array)
#8 /var/www/magneta/index.php(87): Mage::run('default', 'store')
#9 {main}
2015-05-08T11:11:24+00:00 ERR (3): 
exception 'Mage_Core_Exception' with message 'Invalid block type: Mage_Yanws_Block_Adminhtml_News' in /var/www/magneta/app/Mage.php:595
Stack trace:
#0 /var/www/magneta/app/code/core/Mage/Core/Model/Layout.php(495): Mage::throwException('Invalid block t...')
#1 /var/www/magneta/app/code/core/Mage/Core/Model/Layout.php(437): Mage_Core_Model_Layout->_getBlockInstance('yanws/adminhtml...', Array)
#2 /var/www/magneta/app/code/local/Emagedev/Yanws/controllers/Adminhtml/YanwsController.php(15): Mage_Core_Model_Layout->createBlock('yanws/adminhtml...')
#3 /var/www/magneta/app/code/core/Mage/Core/Controller/Varien/Action.php(418): Emagedev_Yanws_Adminhtml_YanwsController->indexAction()
#4 /var/www/magneta/app/code/core/Mage/Core/Controller/Varien/Router/Standard.php(250): Mage_Core_Controller_Varien_Action->dispatch('index')
#5 /var/www/magneta/app/code/core/Mage/Core/Controller/Varien/Front.php(172): Mage_Core_Controller_Varien_Router_Standard->match(Object(Mage_Core_Controller_Request_Http))
#6 /var/www/magneta/app/code/core/Mage/Core/Model/App.php(354): Mage_Core_Controller_Varien_Front->dispatch()
#7 /var/www/magneta/app/Mage.php(684): Mage_Core_Model_App->run(Array)
#8 /var/www/magneta/index.php(87): Mage::run('default', 'store')
#9 {main}
2015-05-08T11:11:41+00:00 ERR (3): 
exception 'Mage_Core_Exception' with message 'Invalid block type: Mage_Yanws_Block_Adminhtml_News' in /var/www/magneta/app/Mage.php:595
Stack trace:
#0 /var/www/magneta/app/code/core/Mage/Core/Model/Layout.php(495): Mage::throwException('Invalid block t...')
#1 /var/www/magneta/app/code/core/Mage/Core/Model/Layout.php(437): Mage_Core_Model_Layout->_getBlockInstance('yanws/adminhtml...', Array)
#2 /var/www/magneta/app/code/local/Emagedev/Yanws/controllers/Adminhtml/YanwsController.php(15): Mage_Core_Model_Layout->createBlock('yanws/adminhtml...')
#3 /var/www/magneta/app/code/core/Mage/Core/Controller/Varien/Action.php(418): Emagedev_Yanws_Adminhtml_YanwsController->indexAction()
#4 /var/www/magneta/app/code/core/Mage/Core/Controller/Varien/Router/Standard.php(250): Mage_Core_Controller_Varien_Action->dispatch('index')
#5 /var/www/magneta/app/code/core/Mage/Core/Controller/Varien/Front.php(172): Mage_Core_Controller_Varien_Router_Standard->match(Object(Mage_Core_Controller_Request_Http))
#6 /var/www/magneta/app/code/core/Mage/Core/Model/App.php(354): Mage_Core_Controller_Varien_Front->dispatch()
#7 /var/www/magneta/app/Mage.php(684): Mage_Core_Model_App->run(Array)
#8 /var/www/magneta/index.php(87): Mage::run('default', 'store')
#9 {main}
2015-05-08T11:14:52+00:00 ERR (3): 
exception 'Mage_Core_Exception' with message 'Invalid block type: Mage_Yanws_Block_Adminhtml_News' in /var/www/magneta/app/Mage.php:595
Stack trace:
#0 /var/www/magneta/app/code/core/Mage/Core/Model/Layout.php(495): Mage::throwException('Invalid block t...')
#1 /var/www/magneta/app/code/core/Mage/Core/Model/Layout.php(437): Mage_Core_Model_Layout->_getBlockInstance('yanws/adminhtml...', Array)
#2 /var/www/magneta/app/code/local/Emagedev/Yanws/controllers/Adminhtml/YanwsController.php(15): Mage_Core_Model_Layout->createBlock('yanws/adminhtml...')
#3 /var/www/magneta/app/code/core/Mage/Core/Controller/Varien/Action.php(418): Emagedev_Yanws_Adminhtml_YanwsController->indexAction()
#4 /var/www/magneta/app/code/core/Mage/Core/Controller/Varien/Router/Standard.php(250): Mage_Core_Controller_Varien_Action->dispatch('index')
#5 /var/www/magneta/app/code/core/Mage/Core/Controller/Varien/Front.php(172): Mage_Core_Controller_Varien_Router_Standard->match(Object(Mage_Core_Controller_Request_Http))
#6 /var/www/magneta/app/code/core/Mage/Core/Model/App.php(354): Mage_Core_Controller_Varien_Front->dispatch()
#7 /var/www/magneta/app/Mage.php(684): Mage_Core_Model_App->run(Array)
#8 /var/www/magneta/index.php(87): Mage::run('default', 'store')
#9 {main}
2015-05-08T11:15:25+00:00 ERR (3): 
exception 'Mage_Core_Exception' with message 'Invalid block type: Mage_Yanws_Block_Adminhtml_News' in /var/www/magneta/app/Mage.php:595
Stack trace:
#0 /var/www/magneta/app/code/core/Mage/Core/Model/Layout.php(495): Mage::throwException('Invalid block t...')
#1 /var/www/magneta/app/code/core/Mage/Core/Model/Layout.php(437): Mage_Core_Model_Layout->_getBlockInstance('yanws/adminhtml...', Array)
#2 /var/www/magneta/app/code/local/Emagedev/Yanws/controllers/Adminhtml/YanwsController.php(15): Mage_Core_Model_Layout->createBlock('yanws/adminhtml...')
#3 /var/www/magneta/app/code/core/Mage/Core/Controller/Varien/Action.php(418): Emagedev_Yanws_Adminhtml_YanwsController->indexAction()
#4 /var/www/magneta/app/code/core/Mage/Core/Controller/Varien/Router/Standard.php(250): Mage_Core_Controller_Varien_Action->dispatch('index')
#5 /var/www/magneta/app/code/core/Mage/Core/Controller/Varien/Front.php(172): Mage_Core_Controller_Varien_Router_Standard->match(Object(Mage_Core_Controller_Request_Http))
#6 /var/www/magneta/app/code/core/Mage/Core/Model/App.php(354): Mage_Core_Controller_Varien_Front->dispatch()
#7 /var/www/magneta/app/Mage.php(684): Mage_Core_Model_App->run(Array)
#8 /var/www/magneta/index.php(87): Mage::run('default', 'store')
#9 {main}
2015-05-08T11:23:18+00:00 ERR (3): 
exception 'Mage_Core_Exception' with message 'Invalid block type: Mage_Yanws_Block_Adminhtml_News' in /var/www/magneta/app/Mage.php:595
Stack trace:
#0 /var/www/magneta/app/code/core/Mage/Core/Model/Layout.php(495): Mage::throwException('Invalid block t...')
#1 /var/www/magneta/app/code/core/Mage/Core/Model/Layout.php(437): Mage_Core_Model_Layout->_getBlockInstance('yanws/adminhtml...', Array)
#2 /var/www/magneta/app/code/local/Emagedev/Yanws/controllers/Adminhtml/YanwsController.php(15): Mage_Core_Model_Layout->createBlock('yanws/adminhtml...')
#3 /var/www/magneta/app/code/core/Mage/Core/Controller/Varien/Action.php(418): Emagedev_Yanws_Adminhtml_YanwsController->indexAction()
#4 /var/www/magneta/app/code/core/Mage/Core/Controller/Varien/Router/Standard.php(250): Mage_Core_Controller_Varien_Action->dispatch('index')
#5 /var/www/magneta/app/code/core/Mage/Core/Controller/Varien/Front.php(172): Mage_Core_Controller_Varien_Router_Standard->match(Object(Mage_Core_Controller_Request_Http))
#6 /var/www/magneta/app/code/core/Mage/Core/Model/App.php(354): Mage_Core_Controller_Varien_Front->dispatch()
#7 /var/www/magneta/app/Mage.php(684): Mage_Core_Model_App->run(Array)
#8 /var/www/magneta/index.php(87): Mage::run('default', 'store')
#9 {main}
2015-05-08T11:23:40+00:00 ERR (3): 
exception 'Mage_Core_Exception' with message 'Invalid block type: Mage_Yanws_Block_Adminhtml_News' in /var/www/magneta/app/Mage.php:595
Stack trace:
#0 /var/www/magneta/app/code/core/Mage/Core/Model/Layout.php(495): Mage::throwException('Invalid block t...')
#1 /var/www/magneta/app/code/core/Mage/Core/Model/Layout.php(437): Mage_Core_Model_Layout->_getBlockInstance('yanws/adminhtml...', Array)
#2 /var/www/magneta/app/code/local/Emagedev/Yanws/controllers/Adminhtml/YanwsController.php(15): Mage_Core_Model_Layout->createBlock('yanws/adminhtml...')
#3 /var/www/magneta/app/code/core/Mage/Core/Controller/Varien/Action.php(418): Emagedev_Yanws_Adminhtml_YanwsController->indexAction()
#4 /var/www/magneta/app/code/core/Mage/Core/Controller/Varien/Router/Standard.php(250): Mage_Core_Controller_Varien_Action->dispatch('index')
#5 /var/www/magneta/app/code/core/Mage/Core/Controller/Varien/Front.php(172): Mage_Core_Controller_Varien_Router_Standard->match(Object(Mage_Core_Controller_Request_Http))
#6 /var/www/magneta/app/code/core/Mage/Core/Model/App.php(354): Mage_Core_Controller_Varien_Front->dispatch()
#7 /var/www/magneta/app/Mage.php(684): Mage_Core_Model_App->run(Array)
#8 /var/www/magneta/index.php(87): Mage::run('default', 'store')
#9 {main}
2015-05-08T11:25:40+00:00 ERR (3): 
exception 'Mage_Core_Exception' with message 'Invalid block type: Emagedev_Yanws_Block_Adminhtml_News_Grid' in /var/www/magneta/app/Mage.php:595
Stack trace:
#0 /var/www/magneta/app/code/core/Mage/Core/Model/Layout.php(495): Mage::throwException('Invalid block t...')
#1 /var/www/magneta/app/code/core/Mage/Core/Model/Layout.php(437): Mage_Core_Model_Layout->_getBlockInstance('yanws/adminhtml...', Array)
#2 /var/www/magneta/app/code/core/Mage/Adminhtml/Block/Widget/Grid/Container.php(66): Mage_Core_Model_Layout->createBlock('yanws/adminhtml...', 'adminhtml_news....')
#3 /var/www/magneta/app/code/core/Mage/Core/Block/Abstract.php(293): Mage_Adminhtml_Block_Widget_Grid_Container->_prepareLayout()
#4 /var/www/magneta/app/code/core/Mage/Core/Model/Layout.php(456): Mage_Core_Block_Abstract->setLayout(Object(Mage_Core_Model_Layout))
#5 /var/www/magneta/app/code/local/Emagedev/Yanws/controllers/Adminhtml/YanwsController.php(15): Mage_Core_Model_Layout->createBlock('yanws/adminhtml...')
#6 /var/www/magneta/app/code/core/Mage/Core/Controller/Varien/Action.php(418): Emagedev_Yanws_Adminhtml_YanwsController->indexAction()
#7 /var/www/magneta/app/code/core/Mage/Core/Controller/Varien/Router/Standard.php(250): Mage_Core_Controller_Varien_Action->dispatch('index')
#8 /var/www/magneta/app/code/core/Mage/Core/Controller/Varien/Front.php(172): Mage_Core_Controller_Varien_Router_Standard->match(Object(Mage_Core_Controller_Request_Http))
#9 /var/www/magneta/app/code/core/Mage/Core/Model/App.php(354): Mage_Core_Controller_Varien_Front->dispatch()
#10 /var/www/magneta/app/Mage.php(684): Mage_Core_Model_App->run(Array)
#11 /var/www/magneta/index.php(87): Mage::run('default', 'store')
#12 {main}
