2015-05-07T22:40:45+00:00 ERR (3): Notice: Undefined variable: news  in /var/www/magneta/app/design/frontend/rwd/default/template/emdevyanws/index.phtml on line 2
2015-05-07T22:43:54+00:00 ERR (3): Notice: Undefined index: timestamp_created  in /var/www/magneta/app/design/frontend/rwd/default/template/emdevyanws/index.phtml on line 6
2015-05-07T22:44:27+00:00 ERR (3): Notice: Undefined index: timestamp_created  in /var/www/magneta/app/design/frontend/rwd/default/template/emdevyanws/index.phtml on line 6
2015-05-07T22:46:18+00:00 ERR (3): Notice: Undefined index: timestamp_created  in /var/www/magneta/app/design/frontend/rwd/default/template/emdevyanws/index.phtml on line 6
2015-05-07T22:46:27+00:00 ERR (3): Notice: Undefined index: timestamp_created  in /var/www/magneta/app/design/frontend/rwd/default/template/emdevyanws/index.phtml on line 6
2015-05-07T22:48:58+00:00 ERR (3): Notice: Undefined index: timestamp_created  in /var/www/magneta/app/design/frontend/rwd/default/template/emdevyanws/index.phtml on line 6
2015-05-07T22:50:30+00:00 ERR (3): Notice: Undefined index: timestamp_created  in /var/www/magneta/app/design/frontend/rwd/default/template/emdevyanws/index.phtml on line 6
2015-05-07T22:50:44+00:00 ERR (3): Notice: Undefined index: timestamp_created  in /var/www/magneta/app/design/frontend/rwd/default/template/emdevyanws/index.phtml on line 6
2015-05-07T22:51:05+00:00 ERR (3): Notice: Undefined index: timestamp_created  in /var/www/magneta/app/design/frontend/rwd/default/template/emdevyanws/index.phtml on line 6
2015-05-07T22:51:12+00:00 ERR (3): Notice: Undefined index: timestamp_created  in /var/www/magneta/app/design/frontend/rwd/default/template/emdevyanws/index.phtml on line 6
2015-05-07T22:51:33+00:00 ERR (3): Notice: Undefined index: timestamp_created  in /var/www/magneta/app/design/frontend/rwd/default/template/emdevyanws/index.phtml on line 6
2015-05-07T22:51:49+00:00 ERR (3): Notice: Undefined index: timestamp_created  in /var/www/magneta/app/design/frontend/rwd/default/template/emdevyanws/index.phtml on line 6
2015-05-07T22:52:20+00:00 ERR (3): Notice: Undefined index: timestamp_created  in /var/www/magneta/app/design/frontend/rwd/default/template/emdevyanws/index.phtml on line 6
2015-05-07T22:52:51+00:00 ERR (3): Notice: Undefined index: timestamp_created  in /var/www/magneta/app/design/frontend/rwd/default/template/emdevyanws/index.phtml on line 6
2015-05-07T22:53:20+00:00 ERR (3): Notice: Undefined index: timestamp_created  in /var/www/magneta/app/design/frontend/rwd/default/template/emdevyanws/index.phtml on line 6
2015-05-07T22:54:34+00:00 ERR (3): Notice: Undefined index: timestamp_created  in /var/www/magneta/app/design/frontend/rwd/default/template/emdevyanws/index.phtml on line 6
2015-05-07T22:55:17+00:00 ERR (3): Notice: Undefined index: timestamp_created  in /var/www/magneta/app/design/frontend/rwd/default/template/emdevyanws/index.phtml on line 6
2015-05-07T23:08:46+00:00 ERR (3): Notice: Undefined index: timestamp_created  in /var/www/magneta/app/design/frontend/rwd/default/template/emdevyanws/index.phtml on line 6
2015-05-08T07:02:14+00:00 ERR (3): Notice: Undefined index: timestamp_created  in /var/www/magneta/app/design/frontend/rwd/default/template/emdevyanws/index.phtml on line 6
2015-05-08T07:41:21+00:00 ERR (3): Notice: Undefined index: timestamp_created  in /var/www/magneta/app/design/frontend/rwd/default/template/emdevyanws/index.phtml on line 6
2015-05-08T07:50:06+00:00 ERR (3): Warning: include(Mage/Emagedevyanws/Model/News.php): failed to open stream: No such file or directory  in /var/www/magneta/lib/Varien/Autoload.php on line 94
2015-05-08T07:50:06+00:00 ERR (3): Warning: include(): Failed opening 'Mage/Emagedevyanws/Model/News.php' for inclusion (include_path='/var/www/magneta/app/code/local:/var/www/magneta/app/code/community:/var/www/magneta/app/code/core:/var/www/magneta/lib:.:/usr/share/php:/usr/share/pear')  in /var/www/magneta/lib/Varien/Autoload.php on line 94
2015-05-08T08:00:27+00:00 ERR (3): Warning: include(Mage/Emagedevyanws/Model/News.php): failed to open stream: No such file or directory  in /var/www/magneta/lib/Varien/Autoload.php on line 94
2015-05-08T08:00:27+00:00 ERR (3): Warning: include(): Failed opening 'Mage/Emagedevyanws/Model/News.php' for inclusion (include_path='/var/www/magneta/app/code/local:/var/www/magneta/app/code/community:/var/www/magneta/app/code/core:/var/www/magneta/lib:.:/usr/share/php:/usr/share/pear')  in /var/www/magneta/lib/Varien/Autoload.php on line 94
2015-05-08T08:02:00+00:00 ERR (3): Warning: include(Emdev/Yanws/Model/News.php): failed to open stream: No such file or directory  in /var/www/magneta/lib/Varien/Autoload.php on line 94
2015-05-08T08:02:00+00:00 ERR (3): Warning: include(): Failed opening 'Emdev/Yanws/Model/News.php' for inclusion (include_path='/var/www/magneta/app/code/local:/var/www/magneta/app/code/community:/var/www/magneta/app/code/core:/var/www/magneta/lib:.:/usr/share/php:/usr/share/pear')  in /var/www/magneta/lib/Varien/Autoload.php on line 94
2015-05-08T08:02:42+00:00 ERR (3): Warning: include(Emdev/Yanws/Model/News.php): failed to open stream: No such file or directory  in /var/www/magneta/lib/Varien/Autoload.php on line 94
2015-05-08T08:02:42+00:00 ERR (3): Warning: include(): Failed opening 'Emdev/Yanws/Model/News.php' for inclusion (include_path='/var/www/magneta/app/code/local:/var/www/magneta/app/code/community:/var/www/magneta/app/code/core:/var/www/magneta/lib:.:/usr/share/php:/usr/share/pear')  in /var/www/magneta/lib/Varien/Autoload.php on line 94
2015-05-08T08:08:09+00:00 ERR (3): Warning: include(Emdev/Yanws/Model/News.php): failed to open stream: No such file or directory  in /var/www/magneta/lib/Varien/Autoload.php on line 94
2015-05-08T08:08:09+00:00 ERR (3): Warning: include(): Failed opening 'Emdev/Yanws/Model/News.php' for inclusion (include_path='/var/www/magneta/app/code/local:/var/www/magneta/app/code/community:/var/www/magneta/app/code/core:/var/www/magneta/lib:.:/usr/share/php:/usr/share/pear')  in /var/www/magneta/lib/Varien/Autoload.php on line 94
2015-05-08T08:13:02+00:00 ERR (3): Warning: include(Mage/Emagedev/Model/Yanws.php): failed to open stream: No such file or directory  in /var/www/magneta/lib/Varien/Autoload.php on line 94
2015-05-08T08:13:02+00:00 ERR (3): Warning: include(): Failed opening 'Mage/Emagedev/Model/Yanws.php' for inclusion (include_path='/var/www/magneta/app/code/local:/var/www/magneta/app/code/community:/var/www/magneta/app/code/core:/var/www/magneta/lib:.:/usr/share/php:/usr/share/pear')  in /var/www/magneta/lib/Varien/Autoload.php on line 94
2015-05-08T08:13:26+00:00 ERR (3): Warning: Invalid argument supplied for foreach()  in /var/www/magneta/app/design/frontend/rwd/default/template/emdevyanws/index.phtml on line 5
2015-05-08T08:13:47+00:00 ERR (3): Warning: Invalid argument supplied for foreach()  in /var/www/magneta/app/design/frontend/rwd/default/template/emdevyanws/index.phtml on line 5
2015-05-08T08:55:03+00:00 ERR (3): Notice: A non well formed numeric value encountered  in /var/www/magneta/app/code/local/Emagedev/Yanws/Model/News.php on line 17
2015-05-08T08:55:32+00:00 ERR (3): Notice: A non well formed numeric value encountered  in /var/www/magneta/app/code/local/Emagedev/Yanws/Model/News.php on line 17
2015-05-08T09:02:47+00:00 ERR (3): Warning: include(Emagedev/Yanws/Pretty/Datetime/Helper/Pretty/DateTime.php): failed to open stream: No such file or directory  in /var/www/magneta/lib/Varien/Autoload.php on line 94
2015-05-08T09:02:47+00:00 ERR (3): Warning: include(): Failed opening 'Emagedev/Yanws/Pretty/Datetime/Helper/Pretty/DateTime.php' for inclusion (include_path='/var/www/magneta/app/code/local:/var/www/magneta/app/code/community:/var/www/magneta/app/code/core:/var/www/magneta/lib:.:/usr/share/php:/usr/share/pear')  in /var/www/magneta/lib/Varien/Autoload.php on line 94
2015-05-08T09:04:15+00:00 ERR (3): Warning: include(Emagedev/Yanws/Pretty/Datetime/Helper/Data.php): failed to open stream: No such file or directory  in /var/www/magneta/lib/Varien/Autoload.php on line 94
2015-05-08T09:04:15+00:00 ERR (3): Warning: include(): Failed opening 'Emagedev/Yanws/Pretty/Datetime/Helper/Data.php' for inclusion (include_path='/var/www/magneta/app/code/local:/var/www/magneta/app/code/community:/var/www/magneta/app/code/core:/var/www/magneta/lib:.:/usr/share/php:/usr/share/pear')  in /var/www/magneta/lib/Varien/Autoload.php on line 94
2015-05-08T09:04:52+00:00 ERR (3): Warning: include(Emagedev/Yanws/Pretty/DateTime.php): failed to open stream: No such file or directory  in /var/www/magneta/lib/Varien/Autoload.php on line 94
2015-05-08T09:04:52+00:00 ERR (3): Warning: include(): Failed opening 'Emagedev/Yanws/Pretty/DateTime.php' for inclusion (include_path='/var/www/magneta/app/code/local:/var/www/magneta/app/code/community:/var/www/magneta/app/code/core:/var/www/magneta/lib:.:/usr/share/php:/usr/share/pear')  in /var/www/magneta/lib/Varien/Autoload.php on line 94
2015-05-08T09:05:15+00:00 ERR (3): Warning: include(Emagedev/Yanws/Pretty/DateTime/Helper.php): failed to open stream: No such file or directory  in /var/www/magneta/lib/Varien/Autoload.php on line 94
2015-05-08T09:05:15+00:00 ERR (3): Warning: include(): Failed opening 'Emagedev/Yanws/Pretty/DateTime/Helper.php' for inclusion (include_path='/var/www/magneta/app/code/local:/var/www/magneta/app/code/community:/var/www/magneta/app/code/core:/var/www/magneta/lib:.:/usr/share/php:/usr/share/pear')  in /var/www/magneta/lib/Varien/Autoload.php on line 94
2015-05-08T09:05:46+00:00 ERR (3): Warning: include(Emagedev/Yanws/Pretty/DateTime.php): failed to open stream: No such file or directory  in /var/www/magneta/lib/Varien/Autoload.php on line 94
2015-05-08T09:05:46+00:00 ERR (3): Warning: include(): Failed opening 'Emagedev/Yanws/Pretty/DateTime.php' for inclusion (include_path='/var/www/magneta/app/code/local:/var/www/magneta/app/code/community:/var/www/magneta/app/code/core:/var/www/magneta/lib:.:/usr/share/php:/usr/share/pear')  in /var/www/magneta/lib/Varien/Autoload.php on line 94
2015-05-08T09:08:31+00:00 ERR (3): Warning: include(Emagedev/Yanws/Pretty/DateTime.php): failed to open stream: No such file or directory  in /var/www/magneta/lib/Varien/Autoload.php on line 94
2015-05-08T09:08:31+00:00 ERR (3): Warning: include(): Failed opening 'Emagedev/Yanws/Pretty/DateTime.php' for inclusion (include_path='/var/www/magneta/app/code/local:/var/www/magneta/app/code/community:/var/www/magneta/app/code/core:/var/www/magneta/lib:.:/usr/share/php:/usr/share/pear')  in /var/www/magneta/lib/Varien/Autoload.php on line 94
2015-05-08T09:09:47+00:00 ERR (3): Warning: include(Emagedev/Yanws/Helper/Pretty/DateTime.php): failed to open stream: No such file or directory  in /var/www/magneta/lib/Varien/Autoload.php on line 94
2015-05-08T09:09:47+00:00 ERR (3): Warning: include(): Failed opening 'Emagedev/Yanws/Helper/Pretty/DateTime.php' for inclusion (include_path='/var/www/magneta/app/code/local:/var/www/magneta/app/code/community:/var/www/magneta/app/code/core:/var/www/magneta/lib:.:/usr/share/php:/usr/share/pear')  in /var/www/magneta/lib/Varien/Autoload.php on line 94
2015-05-08T09:10:06+00:00 ERR (3): Warning: include(Emagedev/Yanws/Helper/Pretty/DateTime.php): failed to open stream: No such file or directory  in /var/www/magneta/lib/Varien/Autoload.php on line 94
2015-05-08T09:10:06+00:00 ERR (3): Warning: include(): Failed opening 'Emagedev/Yanws/Helper/Pretty/DateTime.php' for inclusion (include_path='/var/www/magneta/app/code/local:/var/www/magneta/app/code/community:/var/www/magneta/app/code/core:/var/www/magneta/lib:.:/usr/share/php:/usr/share/pear')  in /var/www/magneta/lib/Varien/Autoload.php on line 94
2015-05-08T09:10:19+00:00 ERR (3): Warning: include(Emagedev/Yanws/Helper/Pretty/DateTime.php): failed to open stream: No such file or directory  in /var/www/magneta/lib/Varien/Autoload.php on line 94
2015-05-08T09:10:19+00:00 ERR (3): Warning: include(): Failed opening 'Emagedev/Yanws/Helper/Pretty/DateTime.php' for inclusion (include_path='/var/www/magneta/app/code/local:/var/www/magneta/app/code/community:/var/www/magneta/app/code/core:/var/www/magneta/lib:.:/usr/share/php:/usr/share/pear')  in /var/www/magneta/lib/Varien/Autoload.php on line 94
2015-05-08T09:11:19+00:00 ERR (3): Recoverable Error: Argument 1 passed to Emagedev_Yanws_Helper_PrettyDateTime::parse() must be an instance of DateTime, string given, called in /var/www/magneta/app/design/frontend/rwd/default/template/emdevyanws/index.phtml on line 13 and defined  in /var/www/magneta/app/code/local/Emagedev/Yanws/Helper/PrettyDateTime.php on line 53
2015-05-08T09:20:30+00:00 ERR (3): Warning: var_export does not handle circular references  in /var/www/magneta/app/design/frontend/rwd/default/template/emdevyanws/index.phtml on line 6
2015-05-08T09:20:30+00:00 ERR (3): Warning: var_export does not handle circular references  in /var/www/magneta/app/design/frontend/rwd/default/template/emdevyanws/index.phtml on line 6
2015-05-08T09:20:30+00:00 ERR (3): Warning: var_export does not handle circular references  in /var/www/magneta/app/design/frontend/rwd/default/template/emdevyanws/index.phtml on line 6
2015-05-08T09:20:30+00:00 ERR (3): Warning: var_export does not handle circular references  in /var/www/magneta/app/design/frontend/rwd/default/template/emdevyanws/index.phtml on line 6
2015-05-08T09:20:30+00:00 ERR (3): Warning: var_export does not handle circular references  in /var/www/magneta/app/design/frontend/rwd/default/template/emdevyanws/index.phtml on line 6
2015-05-08T09:20:30+00:00 ERR (3): Warning: var_export does not handle circular references  in /var/www/magneta/app/design/frontend/rwd/default/template/emdevyanws/index.phtml on line 6
2015-05-08T09:20:30+00:00 ERR (3): Warning: var_export does not handle circular references  in /var/www/magneta/app/design/frontend/rwd/default/template/emdevyanws/index.phtml on line 6
2015-05-08T09:20:30+00:00 ERR (3): Warning: var_export does not handle circular references  in /var/www/magneta/app/design/frontend/rwd/default/template/emdevyanws/index.phtml on line 6
2015-05-08T09:20:30+00:00 ERR (3): Warning: var_export does not handle circular references  in /var/www/magneta/app/design/frontend/rwd/default/template/emdevyanws/index.phtml on line 6
2015-05-08T09:20:30+00:00 ERR (3): Warning: var_export does not handle circular references  in /var/www/magneta/app/design/frontend/rwd/default/template/emdevyanws/index.phtml on line 6
2015-05-08T09:20:30+00:00 ERR (3): Warning: var_export does not handle circular references  in /var/www/magneta/app/design/frontend/rwd/default/template/emdevyanws/index.phtml on line 6
2015-05-08T09:20:30+00:00 ERR (3): Warning: var_export does not handle circular references  in /var/www/magneta/app/design/frontend/rwd/default/template/emdevyanws/index.phtml on line 6
2015-05-08T09:20:30+00:00 ERR (3): Warning: var_export does not handle circular references  in /var/www/magneta/app/design/frontend/rwd/default/template/emdevyanws/index.phtml on line 6
2015-05-08T09:20:30+00:00 ERR (3): Warning: var_export does not handle circular references  in /var/www/magneta/app/design/frontend/rwd/default/template/emdevyanws/index.phtml on line 6
2015-05-08T09:20:30+00:00 ERR (3): Warning: var_export does not handle circular references  in /var/www/magneta/app/design/frontend/rwd/default/template/emdevyanws/index.phtml on line 6
2015-05-08T09:20:30+00:00 ERR (3): Warning: var_export does not handle circular references  in /var/www/magneta/app/design/frontend/rwd/default/template/emdevyanws/index.phtml on line 6
2015-05-08T09:20:30+00:00 ERR (3): Warning: var_export does not handle circular references  in /var/www/magneta/app/design/frontend/rwd/default/template/emdevyanws/index.phtml on line 6
2015-05-08T09:20:30+00:00 ERR (3): Warning: var_export does not handle circular references  in /var/www/magneta/app/design/frontend/rwd/default/template/emdevyanws/index.phtml on line 6
2015-05-08T09:20:30+00:00 ERR (3): Warning: var_export does not handle circular references  in /var/www/magneta/app/design/frontend/rwd/default/template/emdevyanws/index.phtml on line 6
2015-05-08T09:20:30+00:00 ERR (3): Warning: var_export does not handle circular references  in /var/www/magneta/app/design/frontend/rwd/default/template/emdevyanws/index.phtml on line 6
2015-05-08T09:20:30+00:00 ERR (3): Warning: var_export does not handle circular references  in /var/www/magneta/app/design/frontend/rwd/default/template/emdevyanws/index.phtml on line 6
2015-05-08T09:20:30+00:00 ERR (3): Warning: var_export does not handle circular references  in /var/www/magneta/app/design/frontend/rwd/default/template/emdevyanws/index.phtml on line 6
2015-05-08T09:20:30+00:00 ERR (3): Warning: var_export does not handle circular references  in /var/www/magneta/app/design/frontend/rwd/default/template/emdevyanws/index.phtml on line 6
2015-05-08T09:20:30+00:00 ERR (3): Warning: var_export does not handle circular references  in /var/www/magneta/app/design/frontend/rwd/default/template/emdevyanws/index.phtml on line 6
2015-05-08T09:20:30+00:00 ERR (3): Warning: var_export does not handle circular references  in /var/www/magneta/app/design/frontend/rwd/default/template/emdevyanws/index.phtml on line 6
2015-05-08T09:20:30+00:00 ERR (3): Warning: var_export does not handle circular references  in /var/www/magneta/app/design/frontend/rwd/default/template/emdevyanws/index.phtml on line 6
2015-05-08T09:20:30+00:00 ERR (3): Warning: var_export does not handle circular references  in /var/www/magneta/app/design/frontend/rwd/default/template/emdevyanws/index.phtml on line 6
2015-05-08T09:20:30+00:00 ERR (3): Warning: var_export does not handle circular references  in /var/www/magneta/app/design/frontend/rwd/default/template/emdevyanws/index.phtml on line 6
2015-05-08T09:20:30+00:00 ERR (3): Warning: var_export does not handle circular references  in /var/www/magneta/app/design/frontend/rwd/default/template/emdevyanws/index.phtml on line 6
2015-05-08T09:20:30+00:00 ERR (3): Warning: var_export does not handle circular references  in /var/www/magneta/app/design/frontend/rwd/default/template/emdevyanws/index.phtml on line 6
2015-05-08T09:20:30+00:00 ERR (3): Warning: var_export does not handle circular references  in /var/www/magneta/app/design/frontend/rwd/default/template/emdevyanws/index.phtml on line 6
2015-05-08T09:20:30+00:00 ERR (3): Warning: var_export does not handle circular references  in /var/www/magneta/app/design/frontend/rwd/default/template/emdevyanws/index.phtml on line 6
2015-05-08T09:20:30+00:00 ERR (3): Warning: var_export does not handle circular references  in /var/www/magneta/app/design/frontend/rwd/default/template/emdevyanws/index.phtml on line 6
2015-05-08T09:20:30+00:00 ERR (3): Warning: var_export does not handle circular references  in /var/www/magneta/app/design/frontend/rwd/default/template/emdevyanws/index.phtml on line 6
2015-05-08T09:20:30+00:00 ERR (3): Warning: var_export does not handle circular references  in /var/www/magneta/app/design/frontend/rwd/default/template/emdevyanws/index.phtml on line 6
2015-05-08T09:20:30+00:00 ERR (3): Warning: var_export does not handle circular references  in /var/www/magneta/app/design/frontend/rwd/default/template/emdevyanws/index.phtml on line 6
2015-05-08T09:20:30+00:00 ERR (3): Warning: var_export does not handle circular references  in /var/www/magneta/app/design/frontend/rwd/default/template/emdevyanws/index.phtml on line 6
2015-05-08T09:20:30+00:00 ERR (3): Warning: var_export does not handle circular references  in /var/www/magneta/app/design/frontend/rwd/default/template/emdevyanws/index.phtml on line 6
2015-05-08T09:20:30+00:00 ERR (3): Warning: var_export does not handle circular references  in /var/www/magneta/app/design/frontend/rwd/default/template/emdevyanws/index.phtml on line 6
2015-05-08T09:20:30+00:00 ERR (3): Warning: var_export does not handle circular references  in /var/www/magneta/app/design/frontend/rwd/default/template/emdevyanws/index.phtml on line 6
2015-05-08T09:20:30+00:00 ERR (3): Warning: var_export does not handle circular references  in /var/www/magneta/app/design/frontend/rwd/default/template/emdevyanws/index.phtml on line 6
2015-05-08T09:20:30+00:00 ERR (3): Warning: var_export does not handle circular references  in /var/www/magneta/app/design/frontend/rwd/default/template/emdevyanws/index.phtml on line 6
2015-05-08T09:20:30+00:00 ERR (3): Warning: var_export does not handle circular references  in /var/www/magneta/app/design/frontend/rwd/default/template/emdevyanws/index.phtml on line 6
2015-05-08T09:20:30+00:00 ERR (3): Warning: var_export does not handle circular references  in /var/www/magneta/app/design/frontend/rwd/default/template/emdevyanws/index.phtml on line 6
2015-05-08T09:20:30+00:00 ERR (3): Warning: var_export does not handle circular references  in /var/www/magneta/app/design/frontend/rwd/default/template/emdevyanws/index.phtml on line 6
2015-05-08T09:20:30+00:00 ERR (3): Warning: var_export does not handle circular references  in /var/www/magneta/app/design/frontend/rwd/default/template/emdevyanws/index.phtml on line 6
2015-05-08T09:20:30+00:00 ERR (3): Warning: var_export does not handle circular references  in /var/www/magneta/app/design/frontend/rwd/default/template/emdevyanws/index.phtml on line 6
2015-05-08T09:20:30+00:00 ERR (3): Warning: var_export does not handle circular references  in /var/www/magneta/app/design/frontend/rwd/default/template/emdevyanws/index.phtml on line 6
2015-05-08T09:20:30+00:00 ERR (3): Warning: var_export does not handle circular references  in /var/www/magneta/app/design/frontend/rwd/default/template/emdevyanws/index.phtml on line 6
2015-05-08T09:20:30+00:00 ERR (3): Warning: var_export does not handle circular references  in /var/www/magneta/app/design/frontend/rwd/default/template/emdevyanws/index.phtml on line 6
2015-05-08T09:20:30+00:00 ERR (3): Warning: var_export does not handle circular references  in /var/www/magneta/app/design/frontend/rwd/default/template/emdevyanws/index.phtml on line 6
2015-05-08T09:20:30+00:00 ERR (3): Warning: var_export does not handle circular references  in /var/www/magneta/app/design/frontend/rwd/default/template/emdevyanws/index.phtml on line 6
2015-05-08T09:20:30+00:00 ERR (3): Warning: var_export does not handle circular references  in /var/www/magneta/app/design/frontend/rwd/default/template/emdevyanws/index.phtml on line 6
2015-05-08T09:20:30+00:00 ERR (3): Warning: var_export does not handle circular references  in /var/www/magneta/app/design/frontend/rwd/default/template/emdevyanws/index.phtml on line 6
2015-05-08T09:20:30+00:00 ERR (3): Warning: var_export does not handle circular references  in /var/www/magneta/app/design/frontend/rwd/default/template/emdevyanws/index.phtml on line 6
2015-05-08T09:20:30+00:00 ERR (3): Warning: var_export does not handle circular references  in /var/www/magneta/app/design/frontend/rwd/default/template/emdevyanws/index.phtml on line 6
2015-05-08T09:20:30+00:00 ERR (3): Warning: var_export does not handle circular references  in /var/www/magneta/app/design/frontend/rwd/default/template/emdevyanws/index.phtml on line 6
2015-05-08T09:20:30+00:00 ERR (3): Warning: var_export does not handle circular references  in /var/www/magneta/app/design/frontend/rwd/default/template/emdevyanws/index.phtml on line 6
2015-05-08T09:20:30+00:00 ERR (3): Warning: var_export does not handle circular references  in /var/www/magneta/app/design/frontend/rwd/default/template/emdevyanws/index.phtml on line 6
2015-05-08T09:20:30+00:00 ERR (3): Warning: var_export does not handle circular references  in /var/www/magneta/app/design/frontend/rwd/default/template/emdevyanws/index.phtml on line 6
2015-05-08T09:20:30+00:00 ERR (3): Warning: var_export does not handle circular references  in /var/www/magneta/app/design/frontend/rwd/default/template/emdevyanws/index.phtml on line 6
2015-05-08T09:20:30+00:00 ERR (3): Warning: var_export does not handle circular references  in /var/www/magneta/app/design/frontend/rwd/default/template/emdevyanws/index.phtml on line 6
2015-05-08T09:20:30+00:00 ERR (3): Warning: var_export does not handle circular references  in /var/www/magneta/app/design/frontend/rwd/default/template/emdevyanws/index.phtml on line 6
2015-05-08T09:20:30+00:00 ERR (3): Warning: var_export does not handle circular references  in /var/www/magneta/app/design/frontend/rwd/default/template/emdevyanws/index.phtml on line 6
2015-05-08T09:20:30+00:00 ERR (3): Warning: var_export does not handle circular references  in /var/www/magneta/app/design/frontend/rwd/default/template/emdevyanws/index.phtml on line 6
2015-05-08T09:20:30+00:00 ERR (3): Warning: var_export does not handle circular references  in /var/www/magneta/app/design/frontend/rwd/default/template/emdevyanws/index.phtml on line 6
2015-05-08T09:20:57+00:00 ERR (3): Warning: var_export does not handle circular references  in /var/www/magneta/app/design/frontend/rwd/default/template/emdevyanws/index.phtml on line 6
2015-05-08T09:20:57+00:00 ERR (3): Warning: var_export does not handle circular references  in /var/www/magneta/app/design/frontend/rwd/default/template/emdevyanws/index.phtml on line 6
2015-05-08T09:20:57+00:00 ERR (3): Warning: var_export does not handle circular references  in /var/www/magneta/app/design/frontend/rwd/default/template/emdevyanws/index.phtml on line 6
2015-05-08T09:20:57+00:00 ERR (3): Warning: var_export does not handle circular references  in /var/www/magneta/app/design/frontend/rwd/default/template/emdevyanws/index.phtml on line 6
2015-05-08T09:20:57+00:00 ERR (3): Warning: var_export does not handle circular references  in /var/www/magneta/app/design/frontend/rwd/default/template/emdevyanws/index.phtml on line 6
2015-05-08T09:20:57+00:00 ERR (3): Warning: var_export does not handle circular references  in /var/www/magneta/app/design/frontend/rwd/default/template/emdevyanws/index.phtml on line 6
2015-05-08T09:20:57+00:00 ERR (3): Warning: var_export does not handle circular references  in /var/www/magneta/app/design/frontend/rwd/default/template/emdevyanws/index.phtml on line 6
2015-05-08T09:20:57+00:00 ERR (3): Warning: var_export does not handle circular references  in /var/www/magneta/app/design/frontend/rwd/default/template/emdevyanws/index.phtml on line 6
2015-05-08T09:20:57+00:00 ERR (3): Warning: var_export does not handle circular references  in /var/www/magneta/app/design/frontend/rwd/default/template/emdevyanws/index.phtml on line 6
2015-05-08T09:20:57+00:00 ERR (3): Warning: var_export does not handle circular references  in /var/www/magneta/app/design/frontend/rwd/default/template/emdevyanws/index.phtml on line 6
2015-05-08T09:20:57+00:00 ERR (3): Warning: var_export does not handle circular references  in /var/www/magneta/app/design/frontend/rwd/default/template/emdevyanws/index.phtml on line 6
2015-05-08T09:20:57+00:00 ERR (3): Warning: var_export does not handle circular references  in /var/www/magneta/app/design/frontend/rwd/default/template/emdevyanws/index.phtml on line 6
2015-05-08T09:20:57+00:00 ERR (3): Warning: var_export does not handle circular references  in /var/www/magneta/app/design/frontend/rwd/default/template/emdevyanws/index.phtml on line 6
2015-05-08T09:20:57+00:00 ERR (3): Warning: var_export does not handle circular references  in /var/www/magneta/app/design/frontend/rwd/default/template/emdevyanws/index.phtml on line 6
2015-05-08T09:20:57+00:00 ERR (3): Warning: var_export does not handle circular references  in /var/www/magneta/app/design/frontend/rwd/default/template/emdevyanws/index.phtml on line 6
2015-05-08T09:20:57+00:00 ERR (3): Warning: var_export does not handle circular references  in /var/www/magneta/app/design/frontend/rwd/default/template/emdevyanws/index.phtml on line 6
2015-05-08T09:20:57+00:00 ERR (3): Warning: var_export does not handle circular references  in /var/www/magneta/app/design/frontend/rwd/default/template/emdevyanws/index.phtml on line 6
2015-05-08T09:20:57+00:00 ERR (3): Warning: var_export does not handle circular references  in /var/www/magneta/app/design/frontend/rwd/default/template/emdevyanws/index.phtml on line 6
2015-05-08T09:20:57+00:00 ERR (3): Warning: var_export does not handle circular references  in /var/www/magneta/app/design/frontend/rwd/default/template/emdevyanws/index.phtml on line 6
2015-05-08T09:20:57+00:00 ERR (3): Warning: var_export does not handle circular references  in /var/www/magneta/app/design/frontend/rwd/default/template/emdevyanws/index.phtml on line 6
2015-05-08T09:20:57+00:00 ERR (3): Warning: var_export does not handle circular references  in /var/www/magneta/app/design/frontend/rwd/default/template/emdevyanws/index.phtml on line 6
2015-05-08T09:20:57+00:00 ERR (3): Warning: var_export does not handle circular references  in /var/www/magneta/app/design/frontend/rwd/default/template/emdevyanws/index.phtml on line 6
2015-05-08T09:20:57+00:00 ERR (3): Warning: var_export does not handle circular references  in /var/www/magneta/app/design/frontend/rwd/default/template/emdevyanws/index.phtml on line 6
2015-05-08T09:20:57+00:00 ERR (3): Warning: var_export does not handle circular references  in /var/www/magneta/app/design/frontend/rwd/default/template/emdevyanws/index.phtml on line 6
2015-05-08T09:20:57+00:00 ERR (3): Warning: var_export does not handle circular references  in /var/www/magneta/app/design/frontend/rwd/default/template/emdevyanws/index.phtml on line 6
2015-05-08T09:20:57+00:00 ERR (3): Warning: var_export does not handle circular references  in /var/www/magneta/app/design/frontend/rwd/default/template/emdevyanws/index.phtml on line 6
2015-05-08T09:20:57+00:00 ERR (3): Warning: var_export does not handle circular references  in /var/www/magneta/app/design/frontend/rwd/default/template/emdevyanws/index.phtml on line 6
2015-05-08T09:20:57+00:00 ERR (3): Warning: var_export does not handle circular references  in /var/www/magneta/app/design/frontend/rwd/default/template/emdevyanws/index.phtml on line 6
2015-05-08T09:20:57+00:00 ERR (3): Warning: var_export does not handle circular references  in /var/www/magneta/app/design/frontend/rwd/default/template/emdevyanws/index.phtml on line 6
2015-05-08T09:20:57+00:00 ERR (3): Warning: var_export does not handle circular references  in /var/www/magneta/app/design/frontend/rwd/default/template/emdevyanws/index.phtml on line 6
2015-05-08T09:20:57+00:00 ERR (3): Warning: var_export does not handle circular references  in /var/www/magneta/app/design/frontend/rwd/default/template/emdevyanws/index.phtml on line 6
2015-05-08T09:20:57+00:00 ERR (3): Warning: var_export does not handle circular references  in /var/www/magneta/app/design/frontend/rwd/default/template/emdevyanws/index.phtml on line 6
2015-05-08T09:20:57+00:00 ERR (3): Warning: var_export does not handle circular references  in /var/www/magneta/app/design/frontend/rwd/default/template/emdevyanws/index.phtml on line 6
2015-05-08T09:20:57+00:00 ERR (3): Warning: var_export does not handle circular references  in /var/www/magneta/app/design/frontend/rwd/default/template/emdevyanws/index.phtml on line 6
2015-05-08T09:20:57+00:00 ERR (3): Warning: var_export does not handle circular references  in /var/www/magneta/app/design/frontend/rwd/default/template/emdevyanws/index.phtml on line 6
2015-05-08T09:20:57+00:00 ERR (3): Warning: var_export does not handle circular references  in /var/www/magneta/app/design/frontend/rwd/default/template/emdevyanws/index.phtml on line 6
2015-05-08T09:20:57+00:00 ERR (3): Warning: var_export does not handle circular references  in /var/www/magneta/app/design/frontend/rwd/default/template/emdevyanws/index.phtml on line 6
2015-05-08T09:20:57+00:00 ERR (3): Warning: var_export does not handle circular references  in /var/www/magneta/app/design/frontend/rwd/default/template/emdevyanws/index.phtml on line 6
2015-05-08T09:20:57+00:00 ERR (3): Warning: var_export does not handle circular references  in /var/www/magneta/app/design/frontend/rwd/default/template/emdevyanws/index.phtml on line 6
2015-05-08T09:20:57+00:00 ERR (3): Warning: var_export does not handle circular references  in /var/www/magneta/app/design/frontend/rwd/default/template/emdevyanws/index.phtml on line 6
2015-05-08T09:20:57+00:00 ERR (3): Warning: var_export does not handle circular references  in /var/www/magneta/app/design/frontend/rwd/default/template/emdevyanws/index.phtml on line 6
2015-05-08T09:20:57+00:00 ERR (3): Warning: var_export does not handle circular references  in /var/www/magneta/app/design/frontend/rwd/default/template/emdevyanws/index.phtml on line 6
2015-05-08T09:20:57+00:00 ERR (3): Warning: var_export does not handle circular references  in /var/www/magneta/app/design/frontend/rwd/default/template/emdevyanws/index.phtml on line 6
2015-05-08T09:20:57+00:00 ERR (3): Warning: var_export does not handle circular references  in /var/www/magneta/app/design/frontend/rwd/default/template/emdevyanws/index.phtml on line 6
2015-05-08T09:20:57+00:00 ERR (3): Warning: var_export does not handle circular references  in /var/www/magneta/app/design/frontend/rwd/default/template/emdevyanws/index.phtml on line 6
2015-05-08T09:20:57+00:00 ERR (3): Warning: var_export does not handle circular references  in /var/www/magneta/app/design/frontend/rwd/default/template/emdevyanws/index.phtml on line 6
2015-05-08T09:20:57+00:00 ERR (3): Warning: var_export does not handle circular references  in /var/www/magneta/app/design/frontend/rwd/default/template/emdevyanws/index.phtml on line 6
2015-05-08T09:20:57+00:00 ERR (3): Warning: var_export does not handle circular references  in /var/www/magneta/app/design/frontend/rwd/default/template/emdevyanws/index.phtml on line 6
2015-05-08T09:20:57+00:00 ERR (3): Warning: var_export does not handle circular references  in /var/www/magneta/app/design/frontend/rwd/default/template/emdevyanws/index.phtml on line 6
2015-05-08T09:20:57+00:00 ERR (3): Warning: var_export does not handle circular references  in /var/www/magneta/app/design/frontend/rwd/default/template/emdevyanws/index.phtml on line 6
2015-05-08T09:20:57+00:00 ERR (3): Warning: var_export does not handle circular references  in /var/www/magneta/app/design/frontend/rwd/default/template/emdevyanws/index.phtml on line 6
2015-05-08T09:20:57+00:00 ERR (3): Warning: var_export does not handle circular references  in /var/www/magneta/app/design/frontend/rwd/default/template/emdevyanws/index.phtml on line 6
2015-05-08T09:20:57+00:00 ERR (3): Warning: var_export does not handle circular references  in /var/www/magneta/app/design/frontend/rwd/default/template/emdevyanws/index.phtml on line 6
2015-05-08T09:20:57+00:00 ERR (3): Warning: var_export does not handle circular references  in /var/www/magneta/app/design/frontend/rwd/default/template/emdevyanws/index.phtml on line 6
2015-05-08T09:20:57+00:00 ERR (3): Warning: var_export does not handle circular references  in /var/www/magneta/app/design/frontend/rwd/default/template/emdevyanws/index.phtml on line 6
2015-05-08T09:20:57+00:00 ERR (3): Warning: var_export does not handle circular references  in /var/www/magneta/app/design/frontend/rwd/default/template/emdevyanws/index.phtml on line 6
2015-05-08T09:20:57+00:00 ERR (3): Warning: var_export does not handle circular references  in /var/www/magneta/app/design/frontend/rwd/default/template/emdevyanws/index.phtml on line 6
2015-05-08T09:20:57+00:00 ERR (3): Warning: var_export does not handle circular references  in /var/www/magneta/app/design/frontend/rwd/default/template/emdevyanws/index.phtml on line 6
2015-05-08T09:20:57+00:00 ERR (3): Warning: var_export does not handle circular references  in /var/www/magneta/app/design/frontend/rwd/default/template/emdevyanws/index.phtml on line 6
2015-05-08T09:20:57+00:00 ERR (3): Warning: var_export does not handle circular references  in /var/www/magneta/app/design/frontend/rwd/default/template/emdevyanws/index.phtml on line 6
2015-05-08T09:20:57+00:00 ERR (3): Warning: var_export does not handle circular references  in /var/www/magneta/app/design/frontend/rwd/default/template/emdevyanws/index.phtml on line 6
2015-05-08T09:20:57+00:00 ERR (3): Warning: var_export does not handle circular references  in /var/www/magneta/app/design/frontend/rwd/default/template/emdevyanws/index.phtml on line 6
2015-05-08T09:20:57+00:00 ERR (3): Warning: var_export does not handle circular references  in /var/www/magneta/app/design/frontend/rwd/default/template/emdevyanws/index.phtml on line 6
2015-05-08T09:20:57+00:00 ERR (3): Warning: var_export does not handle circular references  in /var/www/magneta/app/design/frontend/rwd/default/template/emdevyanws/index.phtml on line 6
2015-05-08T09:20:57+00:00 ERR (3): Warning: var_export does not handle circular references  in /var/www/magneta/app/design/frontend/rwd/default/template/emdevyanws/index.phtml on line 6
2015-05-08T09:20:57+00:00 ERR (3): Warning: var_export does not handle circular references  in /var/www/magneta/app/design/frontend/rwd/default/template/emdevyanws/index.phtml on line 6
2015-05-08T09:30:37+00:00 ERR (3): Warning: simplexml_load_string(): namespace error : Namespace prefix xsi for type on argument is not defined  in /var/www/magneta/app/code/core/Mage/Core/Model/Layout/Update.php on line 450
2015-05-08T09:30:37+00:00 ERR (3): Warning: simplexml_load_string():                     &lt;argument name=&quot;file&quot; xsi:type=&quot;string&quot;&gt;css/styles.css&lt;/argu  in /var/www/magneta/app/code/core/Mage/Core/Model/Layout/Update.php on line 450
2015-05-08T09:30:37+00:00 ERR (3): Warning: simplexml_load_string():                                                            ^  in /var/www/magneta/app/code/core/Mage/Core/Model/Layout/Update.php on line 450
2015-05-08T09:30:37+00:00 ERR (3): Warning: simplexml_load_string(): namespace error : Namespace prefix xsi for type on argument is not defined  in /var/www/magneta/app/code/core/Mage/Core/Model/Layout/Update.php on line 456
2015-05-08T09:30:37+00:00 ERR (3): Warning: simplexml_load_string():             &lt;argument name=&quot;file&quot; xsi:type=&quot;string&quot;&gt;css/styles.css&lt;/argument&gt;  in /var/www/magneta/app/code/core/Mage/Core/Model/Layout/Update.php on line 456
2015-05-08T09:30:37+00:00 ERR (3): Warning: simplexml_load_string():                                                    ^  in /var/www/magneta/app/code/core/Mage/Core/Model/Layout/Update.php on line 456
2015-05-08T09:30:37+00:00 ERR (3): Warning: simplexml_load_string(): namespace error : Namespace prefix xsi for type on argument is not defined  in /var/www/magneta/app/code/core/Mage/Core/Model/Layout/Update.php on line 235
2015-05-08T09:30:37+00:00 ERR (3): Warning: simplexml_load_string():          &lt;argument name=&quot;file&quot; xsi:type=&quot;string&quot;&gt;css/styles.css&lt;/argument&gt;  in /var/www/magneta/app/code/core/Mage/Core/Model/Layout/Update.php on line 235
2015-05-08T09:30:37+00:00 ERR (3): Warning: simplexml_load_string():                                                 ^  in /var/www/magneta/app/code/core/Mage/Core/Model/Layout/Update.php on line 235
2015-05-08T09:30:41+00:00 ERR (3): Warning: simplexml_load_string(): namespace error : Namespace prefix xsi for type on argument is not defined  in /var/www/magneta/app/code/core/Mage/Core/Model/Layout/Update.php on line 450
2015-05-08T09:30:41+00:00 ERR (3): Warning: simplexml_load_string():                     &lt;argument name=&quot;file&quot; xsi:type=&quot;string&quot;&gt;css/styles.css&lt;/argu  in /var/www/magneta/app/code/core/Mage/Core/Model/Layout/Update.php on line 450
2015-05-08T09:30:41+00:00 ERR (3): Warning: simplexml_load_string():                                                            ^  in /var/www/magneta/app/code/core/Mage/Core/Model/Layout/Update.php on line 450
2015-05-08T09:30:41+00:00 ERR (3): Warning: simplexml_load_string(): namespace error : Namespace prefix xsi for type on argument is not defined  in /var/www/magneta/app/code/core/Mage/Core/Model/Layout/Update.php on line 456
2015-05-08T09:30:41+00:00 ERR (3): Warning: simplexml_load_string():             &lt;argument name=&quot;file&quot; xsi:type=&quot;string&quot;&gt;css/styles.css&lt;/argument&gt;  in /var/www/magneta/app/code/core/Mage/Core/Model/Layout/Update.php on line 456
2015-05-08T09:30:41+00:00 ERR (3): Warning: simplexml_load_string():                                                    ^  in /var/www/magneta/app/code/core/Mage/Core/Model/Layout/Update.php on line 456
2015-05-08T09:31:13+00:00 ERR (3): Warning: simplexml_load_string(): namespace error : Namespace prefix xsi for type on argument is not defined  in /var/www/magneta/app/code/core/Mage/Core/Model/Layout/Update.php on line 450
2015-05-08T09:31:13+00:00 ERR (3): Warning: simplexml_load_string():                     &lt;argument name=&quot;file&quot; xsi:type=&quot;string&quot;&gt;css/wow.css&lt;/argumen  in /var/www/magneta/app/code/core/Mage/Core/Model/Layout/Update.php on line 450
2015-05-08T09:31:13+00:00 ERR (3): Warning: simplexml_load_string():                                                            ^  in /var/www/magneta/app/code/core/Mage/Core/Model/Layout/Update.php on line 450
2015-05-08T09:31:13+00:00 ERR (3): Warning: simplexml_load_string(): namespace error : Namespace prefix xsi for type on argument is not defined  in /var/www/magneta/app/code/core/Mage/Core/Model/Layout/Update.php on line 456
2015-05-08T09:31:13+00:00 ERR (3): Warning: simplexml_load_string():             &lt;argument name=&quot;file&quot; xsi:type=&quot;string&quot;&gt;css/wow.css&lt;/argument&gt;  in /var/www/magneta/app/code/core/Mage/Core/Model/Layout/Update.php on line 456
2015-05-08T09:31:13+00:00 ERR (3): Warning: simplexml_load_string():                                                    ^  in /var/www/magneta/app/code/core/Mage/Core/Model/Layout/Update.php on line 456
2015-05-08T09:31:13+00:00 ERR (3): Warning: simplexml_load_string(): namespace error : Namespace prefix xsi for type on argument is not defined  in /var/www/magneta/app/code/core/Mage/Core/Model/Layout/Update.php on line 235
2015-05-08T09:31:13+00:00 ERR (3): Warning: simplexml_load_string():          &lt;argument name=&quot;file&quot; xsi:type=&quot;string&quot;&gt;css/wow.css&lt;/argument&gt;  in /var/www/magneta/app/code/core/Mage/Core/Model/Layout/Update.php on line 235
2015-05-08T09:31:13+00:00 ERR (3): Warning: simplexml_load_string():                                                 ^  in /var/www/magneta/app/code/core/Mage/Core/Model/Layout/Update.php on line 235
2015-05-08T09:31:16+00:00 ERR (3): Warning: simplexml_load_string(): namespace error : Namespace prefix xsi for type on argument is not defined  in /var/www/magneta/app/code/core/Mage/Core/Model/Layout/Update.php on line 450
2015-05-08T09:31:16+00:00 ERR (3): Warning: simplexml_load_string():                     &lt;argument name=&quot;file&quot; xsi:type=&quot;string&quot;&gt;css/wow.css&lt;/argumen  in /var/www/magneta/app/code/core/Mage/Core/Model/Layout/Update.php on line 450
2015-05-08T09:31:16+00:00 ERR (3): Warning: simplexml_load_string():                                                            ^  in /var/www/magneta/app/code/core/Mage/Core/Model/Layout/Update.php on line 450
2015-05-08T09:31:16+00:00 ERR (3): Warning: simplexml_load_string(): namespace error : Namespace prefix xsi for type on argument is not defined  in /var/www/magneta/app/code/core/Mage/Core/Model/Layout/Update.php on line 456
2015-05-08T09:31:16+00:00 ERR (3): Warning: simplexml_load_string():             &lt;argument name=&quot;file&quot; xsi:type=&quot;string&quot;&gt;css/wow.css&lt;/argument&gt;  in /var/www/magneta/app/code/core/Mage/Core/Model/Layout/Update.php on line 456
2015-05-08T09:31:16+00:00 ERR (3): Warning: simplexml_load_string():                                                    ^  in /var/www/magneta/app/code/core/Mage/Core/Model/Layout/Update.php on line 456
2015-05-08T09:44:31+00:00 ERR (3): Warning: include(Mage/Emagedev/Yanws/Helper/Data.php): failed to open stream: No such file or directory  in /var/www/magneta/lib/Varien/Autoload.php on line 94
2015-05-08T09:44:31+00:00 ERR (3): Warning: include(): Failed opening 'Mage/Emagedev/Yanws/Helper/Data.php' for inclusion (include_path='/var/www/magneta/app/code/local:/var/www/magneta/app/code/community:/var/www/magneta/app/code/core:/var/www/magneta/lib:.:/usr/share/php:/usr/share/pear')  in /var/www/magneta/lib/Varien/Autoload.php on line 94
2015-05-08T09:45:37+00:00 ERR (3): Warning: include(Mage/Emagedev/Yanws/Helper/Data.php): failed to open stream: No such file or directory  in /var/www/magneta/lib/Varien/Autoload.php on line 94
2015-05-08T09:45:37+00:00 ERR (3): Warning: include(): Failed opening 'Mage/Emagedev/Yanws/Helper/Data.php' for inclusion (include_path='/var/www/magneta/app/code/local:/var/www/magneta/app/code/community:/var/www/magneta/app/code/core:/var/www/magneta/lib:.:/usr/share/php:/usr/share/pear')  in /var/www/magneta/lib/Varien/Autoload.php on line 94
2015-05-08T09:45:48+00:00 ERR (3): Warning: include(Mage/Emagedev/Yanws/Helper/Data.php): failed to open stream: No such file or directory  in /var/www/magneta/lib/Varien/Autoload.php on line 94
2015-05-08T09:45:48+00:00 ERR (3): Warning: include(): Failed opening 'Mage/Emagedev/Yanws/Helper/Data.php' for inclusion (include_path='/var/www/magneta/app/code/local:/var/www/magneta/app/code/community:/var/www/magneta/app/code/core:/var/www/magneta/lib:.:/usr/share/php:/usr/share/pear')  in /var/www/magneta/lib/Varien/Autoload.php on line 94
2015-05-08T10:02:00+00:00 ERR (3): Warning: include(Mage/Yanws/Helper/Data.php): failed to open stream: No such file or directory  in /var/www/magneta/lib/Varien/Autoload.php on line 94
2015-05-08T10:02:00+00:00 ERR (3): Warning: include(): Failed opening 'Mage/Yanws/Helper/Data.php' for inclusion (include_path='/var/www/magneta/app/code/local:/var/www/magneta/app/code/community:/var/www/magneta/app/code/core:/var/www/magneta/lib:.:/usr/share/php:/usr/share/pear')  in /var/www/magneta/lib/Varien/Autoload.php on line 94
2015-05-08T10:03:21+00:00 ERR (3): Warning: include(Mage/Yanws/Helper/Data.php): failed to open stream: No such file or directory  in /var/www/magneta/lib/Varien/Autoload.php on line 94
2015-05-08T10:03:21+00:00 ERR (3): Warning: include(): Failed opening 'Mage/Yanws/Helper/Data.php' for inclusion (include_path='/var/www/magneta/app/code/local:/var/www/magneta/app/code/community:/var/www/magneta/app/code/core:/var/www/magneta/lib:.:/usr/share/php:/usr/share/pear')  in /var/www/magneta/lib/Varien/Autoload.php on line 94
2015-05-08T10:03:50+00:00 ERR (3): Warning: include(Mage/Yanws/Helper/Data.php): failed to open stream: No such file or directory  in /var/www/magneta/lib/Varien/Autoload.php on line 94
2015-05-08T10:03:50+00:00 ERR (3): Warning: include(): Failed opening 'Mage/Yanws/Helper/Data.php' for inclusion (include_path='/var/www/magneta/app/code/local:/var/www/magneta/app/code/community:/var/www/magneta/app/code/core:/var/www/magneta/lib:.:/usr/share/php:/usr/share/pear')  in /var/www/magneta/lib/Varien/Autoload.php on line 94
2015-05-08T10:04:02+00:00 ERR (3): Warning: include(Mage/Yanws/Helper/Data.php): failed to open stream: No such file or directory  in /var/www/magneta/lib/Varien/Autoload.php on line 94
2015-05-08T10:04:02+00:00 ERR (3): Warning: include(): Failed opening 'Mage/Yanws/Helper/Data.php' for inclusion (include_path='/var/www/magneta/app/code/local:/var/www/magneta/app/code/community:/var/www/magneta/app/code/core:/var/www/magneta/lib:.:/usr/share/php:/usr/share/pear')  in /var/www/magneta/lib/Varien/Autoload.php on line 94
2015-05-08T10:04:34+00:00 ERR (3): Warning: include(Mage/Emagedev/Yanws/Helper/Data.php): failed to open stream: No such file or directory  in /var/www/magneta/lib/Varien/Autoload.php on line 94
2015-05-08T10:04:34+00:00 ERR (3): Warning: include(): Failed opening 'Mage/Emagedev/Yanws/Helper/Data.php' for inclusion (include_path='/var/www/magneta/app/code/local:/var/www/magneta/app/code/community:/var/www/magneta/app/code/core:/var/www/magneta/lib:.:/usr/share/php:/usr/share/pear')  in /var/www/magneta/lib/Varien/Autoload.php on line 94
2015-05-08T10:05:24+00:00 ERR (3): Warning: include(Mage/Emagedev/Yanws/Helper/Data.php): failed to open stream: No such file or directory  in /var/www/magneta/lib/Varien/Autoload.php on line 94
2015-05-08T10:05:24+00:00 ERR (3): Warning: include(): Failed opening 'Mage/Emagedev/Yanws/Helper/Data.php' for inclusion (include_path='/var/www/magneta/app/code/local:/var/www/magneta/app/code/community:/var/www/magneta/app/code/core:/var/www/magneta/lib:.:/usr/share/php:/usr/share/pear')  in /var/www/magneta/lib/Varien/Autoload.php on line 94
2015-05-08T10:08:19+00:00 ERR (3): Warning: include(Mage/Emagedev/Yanws/Helper/Data.php): failed to open stream: No such file or directory  in /var/www/magneta/lib/Varien/Autoload.php on line 94
2015-05-08T10:08:19+00:00 ERR (3): Warning: include(): Failed opening 'Mage/Emagedev/Yanws/Helper/Data.php' for inclusion (include_path='/var/www/magneta/app/code/local:/var/www/magneta/app/code/community:/var/www/magneta/app/code/core:/var/www/magneta/lib:.:/usr/share/php:/usr/share/pear')  in /var/www/magneta/lib/Varien/Autoload.php on line 94
2015-05-08T10:11:24+00:00 ERR (3): Warning: include(Mage/Emagedev/Yanws/Helper/Data.php): failed to open stream: No such file or directory  in /var/www/magneta/lib/Varien/Autoload.php on line 94
2015-05-08T10:11:24+00:00 ERR (3): Warning: include(): Failed opening 'Mage/Emagedev/Yanws/Helper/Data.php' for inclusion (include_path='/var/www/magneta/app/code/local:/var/www/magneta/app/code/community:/var/www/magneta/app/code/core:/var/www/magneta/lib:.:/usr/share/php:/usr/share/pear')  in /var/www/magneta/lib/Varien/Autoload.php on line 94
2015-05-08T10:12:16+00:00 ERR (3): Warning: include(Mage/Emagedev/Yanws/Helper/Data.php): failed to open stream: No such file or directory  in /var/www/magneta/lib/Varien/Autoload.php on line 94
2015-05-08T10:12:16+00:00 ERR (3): Warning: include(): Failed opening 'Mage/Emagedev/Yanws/Helper/Data.php' for inclusion (include_path='/var/www/magneta/app/code/local:/var/www/magneta/app/code/community:/var/www/magneta/app/code/core:/var/www/magneta/lib:.:/usr/share/php:/usr/share/pear')  in /var/www/magneta/lib/Varien/Autoload.php on line 94
2015-05-08T10:22:01+00:00 ERR (3): Warning: include(Mage/Yanws/Helper/Data.php): failed to open stream: No such file or directory  in /var/www/magneta/lib/Varien/Autoload.php on line 94
2015-05-08T10:22:01+00:00 ERR (3): Warning: include(): Failed opening 'Mage/Yanws/Helper/Data.php' for inclusion (include_path='/var/www/magneta/app/code/local:/var/www/magneta/app/code/community:/var/www/magneta/app/code/core:/var/www/magneta/lib:.:/usr/share/php:/usr/share/pear')  in /var/www/magneta/lib/Varien/Autoload.php on line 94
2015-05-08T10:29:14+00:00 ERR (3): Warning: include(Mage/Emagedev/Yanwss/Helper/Data.php): failed to open stream: No such file or directory  in /var/www/magneta/lib/Varien/Autoload.php on line 94
2015-05-08T10:29:14+00:00 ERR (3): Warning: include(): Failed opening 'Mage/Emagedev/Yanwss/Helper/Data.php' for inclusion (include_path='/var/www/magneta/app/code/local:/var/www/magneta/app/code/community:/var/www/magneta/app/code/core:/var/www/magneta/lib:.:/usr/share/php:/usr/share/pear')  in /var/www/magneta/lib/Varien/Autoload.php on line 94
2015-05-08T11:03:54+00:00 ERR (3): Warning: include(Mage/Emagedev/Yanws/Model/News.php): failed to open stream: No such file or directory  in /var/www/magneta/lib/Varien/Autoload.php on line 94
2015-05-08T11:03:54+00:00 ERR (3): Warning: include(): Failed opening 'Mage/Emagedev/Yanws/Model/News.php' for inclusion (include_path='/var/www/magneta/app/code/local:/var/www/magneta/app/code/community:/var/www/magneta/app/code/core:/var/www/magneta/lib:.:/usr/share/php:/usr/share/pear')  in /var/www/magneta/lib/Varien/Autoload.php on line 94
2015-05-08T11:08:49+00:00 ERR (3): Recoverable Error: Argument 1 passed to Mage_Adminhtml_Controller_Action::_addContent() must be an instance of Mage_Core_Block_Abstract, boolean given, called in /var/www/magneta/app/code/local/Emagedev/Yanws/controllers/Adminhtml/YanwsController.php on line 16 and defined  in /var/www/magneta/app/code/core/Mage/Adminhtml/Controller/Action.php on line 120
2015-05-08T11:09:14+00:00 ERR (3): Recoverable Error: Argument 1 passed to Mage_Adminhtml_Controller_Action::_addContent() must be an instance of Mage_Core_Block_Abstract, boolean given, called in /var/www/magneta/app/code/local/Emagedev/Yanws/controllers/Adminhtml/YanwsController.php on line 16 and defined  in /var/www/magneta/app/code/core/Mage/Adminhtml/Controller/Action.php on line 120
2015-05-08T11:11:05+00:00 ERR (3): Recoverable Error: Argument 1 passed to Mage_Adminhtml_Controller_Action::_addContent() must be an instance of Mage_Core_Block_Abstract, boolean given, called in /var/www/magneta/app/code/local/Emagedev/Yanws/controllers/Adminhtml/YanwsController.php on line 16 and defined  in /var/www/magneta/app/code/core/Mage/Adminhtml/Controller/Action.php on line 120
2015-05-08T11:11:24+00:00 ERR (3): Recoverable Error: Argument 1 passed to Mage_Adminhtml_Controller_Action::_addContent() must be an instance of Mage_Core_Block_Abstract, boolean given, called in /var/www/magneta/app/code/local/Emagedev/Yanws/controllers/Adminhtml/YanwsController.php on line 16 and defined  in /var/www/magneta/app/code/core/Mage/Adminhtml/Controller/Action.php on line 120
2015-05-08T11:11:41+00:00 ERR (3): Recoverable Error: Argument 1 passed to Mage_Adminhtml_Controller_Action::_addContent() must be an instance of Mage_Core_Block_Abstract, boolean given, called in /var/www/magneta/app/code/local/Emagedev/Yanws/controllers/Adminhtml/YanwsController.php on line 16 and defined  in /var/www/magneta/app/code/core/Mage/Adminhtml/Controller/Action.php on line 120
2015-05-08T11:14:52+00:00 ERR (3): Recoverable Error: Argument 1 passed to Mage_Adminhtml_Controller_Action::_addContent() must be an instance of Mage_Core_Block_Abstract, boolean given, called in /var/www/magneta/app/code/local/Emagedev/Yanws/controllers/Adminhtml/YanwsController.php on line 16 and defined  in /var/www/magneta/app/code/core/Mage/Adminhtml/Controller/Action.php on line 120
2015-05-08T11:15:25+00:00 ERR (3): Recoverable Error: Argument 1 passed to Mage_Adminhtml_Controller_Action::_addContent() must be an instance of Mage_Core_Block_Abstract, boolean given, called in /var/www/magneta/app/code/local/Emagedev/Yanws/controllers/Adminhtml/YanwsController.php on line 16 and defined  in /var/www/magneta/app/code/core/Mage/Adminhtml/Controller/Action.php on line 120
2015-05-08T11:23:18+00:00 ERR (3): Recoverable Error: Argument 1 passed to Mage_Adminhtml_Controller_Action::_addContent() must be an instance of Mage_Core_Block_Abstract, boolean given, called in /var/www/magneta/app/code/local/Emagedev/Yanws/controllers/Adminhtml/YanwsController.php on line 16 and defined  in /var/www/magneta/app/code/core/Mage/Adminhtml/Controller/Action.php on line 120
2015-05-08T11:23:40+00:00 ERR (3): Recoverable Error: Argument 1 passed to Mage_Adminhtml_Controller_Action::_addContent() must be an instance of Mage_Core_Block_Abstract, boolean given, called in /var/www/magneta/app/code/local/Emagedev/Yanws/controllers/Adminhtml/YanwsController.php on line 16 and defined  in /var/www/magneta/app/code/core/Mage/Adminhtml/Controller/Action.php on line 120
2015-05-08T11:38:25+00:00 ERR (3): Warning: include(Mage/Emagedevyanws/Model/News.php): failed to open stream: No such file or directory  in /var/www/magneta/lib/Varien/Autoload.php on line 94
2015-05-08T11:38:25+00:00 ERR (3): Warning: include(): Failed opening 'Mage/Emagedevyanws/Model/News.php' for inclusion (include_path='/var/www/magneta/app/code/local:/var/www/magneta/app/code/community:/var/www/magneta/app/code/core:/var/www/magneta/lib:.:/usr/share/php:/usr/share/pear')  in /var/www/magneta/lib/Varien/Autoload.php on line 94
